<?xml version="1.0" encoding="UTF-8"?>
<testsuite xmlns:xsi="http://www.w3.org/2001/XMLSchema-instance" xsi:noNamespaceSchemaLocation="https://maven.apache.org/surefire/maven-surefire-plugin/xsd/surefire-test-report.xsd" name="com.example.formatter.FormatterTest" time="0.944" tests="2" errors="0" skipped="0" failures="0">
  <properties>
[...]
</properties>
  <testcase name="testIsValidString" classname="com.example.formatter.FormatterTest" time="0.015"/>
  <testcase name="testConvertString" classname="com.example.formatter.FormatterTest" time="0.879"/>
</testsuite>